[Fri Jun 24 20:51:29.262122 2022] [ssl:warn] [pid 11688:tid 416] AH01909: www.example.com:443:0 server certificate does NOT include an ID which matches the server name
[Fri Jun 24 20:51:29.310091 2022] [ssl:warn] [pid 11688:tid 416] AH01909: www.example.com:443:0 server certificate does NOT include an ID which matches the server name
PHP Warning:  PHP Startup: Unable to load dynamic library 'sodium' (tried: C:\\moodle\\server\\php\\ext\\sodium (The specified module could not be found.), C:\\moodle\\server\\php\\ext\\php_sodium.dll (The specified module could not be found.)) in Unknown on line 0
[Fri Jun 24 20:51:39.667978 2022] [mpm_winnt:notice] [pid 11688:tid 416] AH00455: Apache/2.4.53 (Win64) OpenSSL/1.1.1n PHP/7.4.28 configured -- resuming normal operations
[Fri Jun 24 20:51:39.670668 2022] [mpm_winnt:notice] [pid 11688:tid 416] AH00456: Apache Lounge VC15 Server built: Mar 16 2022 15:48:38
[Fri Jun 24 20:51:39.670668 2022] [core:notice] [pid 11688:tid 416] AH00094: Command line: 'apache\\bin\\httpd.exe -d C:/moodle/server/apache -f conf\\httpd.conf'
[Fri Jun 24 20:51:39.679434 2022] [mpm_winnt:notice] [pid 11688:tid 416] AH00418: Parent: Created child process 7776
Apache server shutdown initiated...
sl:warn] [pid 7776:tid 376] AH01909: www.example.com:443:0 server certificate does NOT include an ID which matches the server name
[Fri Jun 24 20:51:40.239581 2022] [ssl:warn] [pid 7776:tid 376] AH01909: www.example.com:443:0 server certificate does NOT include an ID which matches the server name
PHP Warning:  PHP Startup: Unable to load dynamic library 'sodium' (tried: C:\\moodle\\server\\php\\ext\\sodium (The specified module could not be found.), C:\\moodle\\server\\php\\ext\\php_sodium.dll (The specified module could not be found.)) in Unknown on line 0
[Fri Jun 24 20:51:40.271610 2022] [mpm_winnt:notice] [pid 7776:tid 376] AH00354: Child: Starting 150 worker threads.
[Fri Jun 24 23:16:47.095044 2022] [mpm_winnt:notice] [pid 11688:tid 416] AH00422: Parent: Received shutdown signal -- Shutting down the server.
[Fri Jun 24 23:16:49.117535 2022] [mpm_winnt:notice] [pid 7776:tid 376] AH00364: Child: All worker threads have exited.
[Fri Jun 24 23:16:49.217756 2022] [mpm_winnt:notice] [pid 11688:tid 416] AH00430: Parent: Child process 7776 exited successfully.
[Fri Jun 24 23:23:39.864938 2022] [ssl:warn] [pid 10796:tid 332] AH01909: www.example.com:443:0 server certificate does NOT include an ID which matches the server name
[Fri Jun 24 23:23:39.920940 2022] [ssl:warn] [pid 10796:tid 332] AH01909: www.example.com:443:0 server certificate does NOT include an ID which matches the server name
PHP Warning:  PHP Startup: Unable to load dynamic library 'sodium' (tried: C:\\moodle\\server\\php\\ext\\sodium (The specified module could not be found.), C:\\moodle\\server\\php\\ext\\php_sodium.dll (The specified module could not be found.)) in Unknown on line 0
[Fri Jun 24 23:23:39.972937 2022] [mpm_winnt:notice] [pid 10796:tid 332] AH00455: Apache/2.4.53 (Win64) OpenSSL/1.1.1n PHP/7.4.28 configured -- resuming normal operations
[Fri Jun 24 23:23:39.972937 2022] [mpm_winnt:notice] [pid 10796:tid 332] AH00456: Apache Lounge VC15 Server built: Mar 16 2022 15:48:38
[Fri Jun 24 23:23:39.972937 2022] [core:notice] [pid 10796:tid 332] AH00094: Command line: 'apache\\bin\\httpd.exe -d C:/moodle/server/apache -f conf\\httpd.conf'
[Fri Jun 24 23:23:39.982939 2022] [mpm_winnt:notice] [pid 10796:tid 332] AH00418: Parent: Created child process 14216
[Fri Jun 24 23:23:40.675940 2022] [ssl:warn] [pid 14216:tid 356] AH01909: www.example.com:443:0 server certificate does NOT include an ID which matches the server name
[Fri Jun 24 23:23:40.727943 2022] [ssl:warn] [pid 14216:tid 356] AH01909: www.example.com:443:0 server certificate does NOT include an ID which matches the server name
PHP Warning:  PHP Startup: Unable to load dynamic library 'sodium' (tried: C:\\moodle\\server\\php\\ext\\sodium (The specified module could not be found.), C:\\moodle\\server\\php\\ext\\php_sodium.dll (The specified module could not be found.)) in Unknown on line 0
[Fri Jun 24 23:23:40.770944 2022] [mpm_winnt:notice] [pid 14216:tid 356] AH00354: Child: Starting 150 worker threads.
[Fri Jun 24 23:26:14.392017 2022] [mpm_winnt:notice] [pid 10796:tid 332] AH00422: Parent: Received shutdown signal -- Shutting down the server.
Apache server shutdown initiated...
[Fri Jun 24 23:26:34.999575 2022] [mpm_winnt:notice] [pid 14216:tid 356] AH00364: Child: All worker threads have exited.
